<?xml version="1.0" encoding="UTF-8"?>
<!-- Generated by org.testng.reporters.JUnitXMLReporter -->
<testsuite ignored="1" hostname="LAPTOP-F0F7LJDR" failures="0" tests="1" name="loginPageTest" time="19.66" errors="0" timestamp="2024-09-13T19:42:13 IST">
  <testcase classname="testscript.LoginPageTest" name="verify_Login_With_Valid_Credentials" time="3.62"/>
  <testcase classname="testscript.LoginPageTest" name="verify_errorMessage_whileLogin_withInvalid_credentials" time="0.0">
    <ignored/>
  </testcase> <!-- verify_errorMessage_whileLogin_withInvalid_credentials -->
</testsuite> <!-- loginPageTest -->
