<?xml version="1.0" encoding="UTF-8"?>
<!-- Generated by org.testng.reporters.JUnitXMLReporter -->
<testsuite ignored="9" hostname="LAPTOP-F0F7LJDR" failures="0" tests="1" name="Test" time="13.235" errors="0" timestamp="2024-09-18T00:16:17 IST">
  <testcase classname="testscript.LoginPageTest" name="verify_Login_With_Valid_Credentials" time="3.616"/>
  <testcase classname="testscript.AddUserPageTest" name="verify_userLogin_withNewly_Added_user" time="0.0">
    <ignored/>
  </testcase> <!-- verify_userLogin_withNewly_Added_user -->
  <testcase classname="testscript.HomePageTest" name="verify_userLogin_date" time="0.0">
    <ignored/>
  </testcase> <!-- verify_userLogin_date -->
  <testcase classname="testscript.ResetPageTest" name="verify_errorMsg_withInvalid_emailAddress" time="0.0">
    <ignored/>
  </testcase> <!-- verify_errorMsg_withInvalid_emailAddress -->
  <testcase classname="testscript.AddUserPageTest" name="download_createdUser_Details" time="0.0">
    <ignored/>
  </testcase> <!-- download_createdUser_Details -->
  <testcase classname="testscript.UserActionsPageTest" name="verify_ViewUser_Page" time="0.0">
    <ignored/>
  </testcase> <!-- verify_ViewUser_Page -->
  <testcase classname="testscript.LoginPageTest" name="verify_errorMessage_whileLogin_withInvalid_credentials" time="0.0">
    <ignored/>
  </testcase> <!-- verify_errorMessage_whileLogin_withInvalid_credentials -->
  <testcase classname="testscript.UserActionsPageTest" name="verify_UserEdit_Action" time="0.0">
    <ignored/>
  </testcase> <!-- verify_UserEdit_Action -->
  <testcase classname="testscript.AddUserPageTest" name="verify_add_user" time="0.0">
    <ignored/>
  </testcase> <!-- verify_add_user -->
  <testcase classname="testscript.ResetPageTest" name="verify_paswrdReset_withValid_emailAddress" time="0.0">
    <ignored/>
  </testcase> <!-- verify_paswrdReset_withValid_emailAddress -->
</testsuite> <!-- Test -->
